<?xml version="1.0" encoding="UTF-8"?>
<testng-results skipped="0" failed="0" ignored="0" total="1" passed="1">
  <reporter-output>
  </reporter-output>
  <suite name="Default suite" duration-ms="22978" started-at="2020-02-26T17:35:15 CET" finished-at="2020-02-26T17:35:38 CET">
    <groups>
    </groups>
    <test name="Default test" duration-ms="22978" started-at="2020-02-26T17:35:15 CET" finished-at="2020-02-26T17:35:38 CET">
      <class name="cc.selenium.webdriver.basic.AmazonFictionBooks">
        <test-method status="PASS" signature="beforeTest()[pri:0, instance:cc.selenium.webdriver.basic.AmazonFictionBooks@704d6e83]" name="beforeTest" is-config="true" duration-ms="2447" started-at="2020-02-26T17:35:15 CET" finished-at="2020-02-26T17:35:18 CET">
          <reporter-output>
          </reporter-output>
        </test-method> <!-- beforeTest -->
        <test-method status="PASS" signature="test()[pri:0, instance:cc.selenium.webdriver.basic.AmazonFictionBooks@704d6e83]" name="test" duration-ms="20184" started-at="2020-02-26T17:35:18 CET" finished-at="2020-02-26T17:35:38 CET">
          <reporter-output>
          </reporter-output>
        </test-method> <!-- test -->
        <test-method status="PASS" signature="afterTest()[pri:0, instance:cc.selenium.webdriver.basic.AmazonFictionBooks@704d6e83]" name="afterTest" is-config="true" duration-ms="303" started-at="2020-02-26T17:35:38 CET" finished-at="2020-02-26T17:35:38 CET">
          <reporter-output>
          </reporter-output>
        </test-method> <!-- afterTest -->
      </class> <!-- cc.selenium.webdriver.basic.AmazonFictionBooks -->
    </test> <!-- Default test -->
  </suite> <!-- Default suite -->
</testng-results>
